This file contains any messages produced by compilers while
running configure, to aid debugging if configure makes a mistake.

It was created by pcsc-lite configure 2.2.0, which was
generated by GNU Autoconf 2.71.  Invocation command line was

  $ ./configure --prefix=/usr/local --enable-usbdropdir=/usr/lib/pcsc/drivers

## --------- ##
## Platform. ##
## --------- ##

hostname = porkboi-VMware-Virtual-Platform
uname -m = x86_64
uname -r = 6.11.0-26-generic
uname -s = Linux
uname -v = #26~24.04.1-Ubuntu SMP PREEMPT_DYNAMIC Thu Apr 17 19:20:47 UTC 2

/usr/bin/uname -p = x86_64
/bin/uname -X     = unknown

/bin/arch              = x86_64
/usr/bin/arch -k       = unknown
/usr/convex/getsysinfo = unknown
/usr/bin/hostinfo      = unknown
/bin/machine           = unknown
/usr/bin/oslevel       = unknown
/bin/universe          = unknown

PATH: /usr/local/sbin/
PATH: /usr/local/bin/
PATH: /usr/sbin/
PATH: /usr/bin/
PATH: /sbin/
PATH: /bin/
PATH: /usr/games/
PATH: /usr/local/games/
PATH: /snap/bin/
PATH: /snap/bin/


## ----------- ##
## Core tests. ##
## ----------- ##

configure:2672: looking for aux files: ltmain.sh ar-lib compile config.guess config.sub missing install-sh
configure:2685:  trying ./
configure:2714:   ./ltmain.sh found
configure:2714:   ./ar-lib found
configure:2714:   ./compile found
configure:2714:   ./config.guess found
configure:2714:   ./config.sub found
configure:2714:   ./missing found
configure:2696:   ./install-sh found
configure:2844: checking for a BSD-compatible install
configure:2917: result: /usr/bin/install -c
configure:2928: checking whether build environment is sane
configure:2983: result: yes
configure:3142: checking for a race-free mkdir -p
configure:3186: result: /usr/bin/mkdir -p
configure:3193: checking for gawk
configure:3228: result: no
configure:3193: checking for mawk
configure:3214: found /usr/bin/mawk
configure:3225: result: mawk
configure:3236: checking whether make sets $(MAKE)
configure:3259: result: yes
configure:3289: checking whether make supports nested variables
configure:3307: result: yes
configure:3460: checking whether make supports nested variables
configure:3478: result: yes
configure:3496: checking build system type
configure:3511: result: x86_64-pc-linux-gnu
configure:3531: checking host system type
configure:3545: result: x86_64-pc-linux-gnu
configure:3627: checking for gcc
configure:3648: found /usr/bin/gcc
configure:3659: result: gcc
configure:4012: checking for C compiler version
configure:4021: gcc --version >&5
gcc (Ubuntu 13.3.0-6ubuntu2~24.04) 13.3.0
Copyright (C) 2023 Free Software Foundation, Inc.
This is free software; see the source for copying conditions.  There is NO
warranty; not even for MERCHANTABILITY or FITNESS FOR A PARTICULAR PURPOSE.

configure:4032: $? = 0
configure:4021: gcc -v >&5
Using built-in specs.
COLLECT_GCC=gcc
COLLECT_LTO_WRAPPER=/usr/libexec/gcc/x86_64-linux-gnu/13/lto-wrapper
OFFLOAD_TARGET_NAMES=nvptx-none:amdgcn-amdhsa
OFFLOAD_TARGET_DEFAULT=1
Target: x86_64-linux-gnu
Configured with: ../src/configure -v --with-pkgversion='Ubuntu 13.3.0-6ubuntu2~24.04' --with-bugurl=file:///usr/share/doc/gcc-13/README.Bugs --enable-languages=c,ada,c++,go,d,fortran,objc,obj-c++,m2 --prefix=/usr --with-gcc-major-version-only --program-suffix=-13 --program-prefix=x86_64-linux-gnu- --enable-shared --enable-linker-build-id --libexecdir=/usr/libexec --without-included-gettext --enable-threads=posix --libdir=/usr/lib --enable-nls --enable-bootstrap --enable-clocale=gnu --enable-libstdcxx-debug --enable-libstdcxx-time=yes --with-default-libstdcxx-abi=new --enable-libstdcxx-backtrace --enable-gnu-unique-object --disable-vtable-verify --enable-plugin --enable-default-pie --with-system-zlib --enable-libphobos-checking=release --with-target-system-zlib=auto --enable-objc-gc=auto --enable-multiarch --disable-werror --enable-cet --with-arch-32=i686 --with-abi=m64 --with-multilib-list=m32,m64,mx32 --enable-multilib --with-tune=generic --enable-offload-targets=nvptx-none=/build/gcc-13-fG75Ri/gcc-13-13.3.0/debian/tmp-nvptx/usr,amdgcn-amdhsa=/build/gcc-13-fG75Ri/gcc-13-13.3.0/debian/tmp-gcn/usr --enable-offload-defaulted --without-cuda-driver --enable-checking=release --build=x86_64-linux-gnu --host=x86_64-linux-gnu --target=x86_64-linux-gnu --with-build-config=bootstrap-lto-lean --enable-link-serialization=2
Thread model: posix
Supported LTO compression algorithms: zlib zstd
gcc version 13.3.0 (Ubuntu 13.3.0-6ubuntu2~24.04) 
... rest of stderr output deleted ...
configure:4032: $? = 0
configure:4021: gcc -V >&5
gcc: error: unrecognized command-line option '-V'
gcc: fatal error: no input files
compilation terminated.
configure:4032: $? = 1
configure:4021: gcc -qversion >&5
gcc: error: unrecognized command-line option '-qversion'; did you mean '--version'?
gcc: fatal error: no input files
compilation terminated.
configure:4032: $? = 1
configure:4021: gcc -version >&5
gcc: error: unrecognized command-line option '-version'
gcc: fatal error: no input files
compilation terminated.
configure:4032: $? = 1
configure:4052: checking whether the C compiler works
configure:4074: gcc    conftest.c  >&5
configure:4078: $? = 0
configure:4128: result: yes
configure:4131: checking for C compiler default output file name
configure:4133: result: a.out
configure:4139: checking for suffix of executables
configure:4146: gcc -o conftest    conftest.c  >&5
configure:4150: $? = 0
configure:4173: result: 
configure:4195: checking whether we are cross compiling
configure:4203: gcc -o conftest    conftest.c  >&5
configure:4207: $? = 0
configure:4214: ./conftest
configure:4218: $? = 0
configure:4233: result: no
configure:4238: checking for suffix of object files
configure:4261: gcc -c   conftest.c >&5
configure:4265: $? = 0
configure:4287: result: o
configure:4291: checking whether the compiler supports GNU C
configure:4311: gcc -c   conftest.c >&5
configure:4311: $? = 0
configure:4321: result: yes
configure:4332: checking whether gcc accepts -g
configure:4353: gcc -c -g  conftest.c >&5
configure:4353: $? = 0
configure:4397: result: yes
configure:4417: checking for gcc option to enable C11 features
configure:4432: gcc  -c -g -O2  conftest.c >&5
configure:4432: $? = 0
configure:4450: result: none needed
configure:4566: checking whether gcc understands -c and -o together
configure:4589: gcc -c conftest.c -o conftest2.o
configure:4592: $? = 0
configure:4589: gcc -c conftest.c -o conftest2.o
configure:4592: $? = 0
configure:4604: result: yes
configure:4624: checking whether make supports the include directive
configure:4639: make -f confmf.GNU && cat confinc.out
this is the am__doit target
configure:4642: $? = 0
configure:4661: result: yes (GNU style)
configure:4687: checking dependency style of gcc
configure:4799: result: gcc3
configure:4819: checking for stdio.h
configure:4819: gcc -c -g -O2  conftest.c >&5
configure:4819: $? = 0
configure:4819: result: yes
configure:4819: checking for stdlib.h
configure:4819: gcc -c -g -O2  conftest.c >&5
configure:4819: $? = 0
configure:4819: result: yes
configure:4819: checking for string.h
configure:4819: gcc -c -g -O2  conftest.c >&5
configure:4819: $? = 0
configure:4819: result: yes
configure:4819: checking for inttypes.h
configure:4819: gcc -c -g -O2  conftest.c >&5
configure:4819: $? = 0
configure:4819: result: yes
configure:4819: checking for stdint.h
configure:4819: gcc -c -g -O2  conftest.c >&5
configure:4819: $? = 0
configure:4819: result: yes
configure:4819: checking for strings.h
configure:4819: gcc -c -g -O2  conftest.c >&5
configure:4819: $? = 0
configure:4819: result: yes
configure:4819: checking for sys/stat.h
configure:4819: gcc -c -g -O2  conftest.c >&5
configure:4819: $? = 0
configure:4819: result: yes
configure:4819: checking for sys/types.h
configure:4819: gcc -c -g -O2  conftest.c >&5
configure:4819: $? = 0
configure:4819: result: yes
configure:4819: checking for unistd.h
configure:4819: gcc -c -g -O2  conftest.c >&5
configure:4819: $? = 0
configure:4819: result: yes
configure:4844: checking whether byte ordering is bigendian
configure:4860: gcc -c -g -O2  conftest.c >&5
conftest.c:22:16: error: unknown type name 'not'
   22 |                not a universal capable compiler
      |                ^~~
conftest.c:22:22: error: expected '=', ',', ';', 'asm' or '__attribute__' before 'universal'
   22 |                not a universal capable compiler
      |                      ^~~~~~~~~
conftest.c:22:22: error: unknown type name 'universal'
configure:4860: $? = 1
configure: failed program was:
| /* confdefs.h */
| #define PACKAGE_NAME "pcsc-lite"
| #define PACKAGE_TARNAME "pcsc-lite"
| #define PACKAGE_VERSION "2.2.0"
| #define PACKAGE_STRING "pcsc-lite 2.2.0"
| #define PACKAGE_BUGREPORT ""
| #define PACKAGE_URL ""
| #define PACKAGE "pcsc-lite"
| #define VERSION "2.2.0"
| #define HAVE_STDIO_H 1
| #define HAVE_STDLIB_H 1
| #define HAVE_STRING_H 1
| #define HAVE_INTTYPES_H 1
| #define HAVE_STDINT_H 1
| #define HAVE_STRINGS_H 1
| #define HAVE_SYS_STAT_H 1
| #define HAVE_SYS_TYPES_H 1
| #define HAVE_UNISTD_H 1
| #define STDC_HEADERS 1
| /* end confdefs.h.  */
| #ifndef __APPLE_CC__
| 	       not a universal capable compiler
| 	     #endif
| 	     typedef int dummy;
| 
configure:4906: gcc -c -g -O2  conftest.c >&5
configure:4906: $? = 0
configure:4925: gcc -c -g -O2  conftest.c >&5
conftest.c: In function 'main':
conftest.c:28:18: error: unknown type name 'not'; did you mean 'ino_t'?
   28 |                  not big endian
      |                  ^~~
      |                  ino_t
conftest.c:28:26: error: expected '=', ',', ';', 'asm' or '__attribute__' before 'endian'
   28 |                  not big endian
      |                          ^~~~~~
configure:4925: $? = 1
configure: failed program was:
| /* confdefs.h */
| #define PACKAGE_NAME "pcsc-lite"
| #define PACKAGE_TARNAME "pcsc-lite"
| #define PACKAGE_VERSION "2.2.0"
| #define PACKAGE_STRING "pcsc-lite 2.2.0"
| #define PACKAGE_BUGREPORT ""
| #define PACKAGE_URL ""
| #define PACKAGE "pcsc-lite"
| #define VERSION "2.2.0"
| #define HAVE_STDIO_H 1
| #define HAVE_STDLIB_H 1
| #define HAVE_STRING_H 1
| #define HAVE_INTTYPES_H 1
| #define HAVE_STDINT_H 1
| #define HAVE_STRINGS_H 1
| #define HAVE_SYS_STAT_H 1
| #define HAVE_SYS_TYPES_H 1
| #define HAVE_UNISTD_H 1
| #define STDC_HEADERS 1
| /* end confdefs.h.  */
| #include <sys/types.h>
| 		#include <sys/param.h>
| 
| int
| main (void)
| {
| #if BYTE_ORDER != BIG_ENDIAN
| 		 not big endian
| 		#endif
| 
|   ;
|   return 0;
| }
configure:5059: result: no
configure:5119: checking whether to enable maintainer-specific portions of Makefiles
configure:5129: result: no
configure:5149: checking how to run the C preprocessor
configure:5175: gcc -E  conftest.c
configure:5175: $? = 0
configure:5190: gcc -E  conftest.c
conftest.c:21:10: fatal error: ac_nonexistent.h: No such file or directory
   21 | #include <ac_nonexistent.h>
      |          ^~~~~~~~~~~~~~~~~~
compilation terminated.
configure:5190: $? = 1
configure: failed program was:
| /* confdefs.h */
| #define PACKAGE_NAME "pcsc-lite"
| #define PACKAGE_TARNAME "pcsc-lite"
| #define PACKAGE_VERSION "2.2.0"
| #define PACKAGE_STRING "pcsc-lite 2.2.0"
| #define PACKAGE_BUGREPORT ""
| #define PACKAGE_URL ""
| #define PACKAGE "pcsc-lite"
| #define VERSION "2.2.0"
| #define HAVE_STDIO_H 1
| #define HAVE_STDLIB_H 1
| #define HAVE_STRING_H 1
| #define HAVE_INTTYPES_H 1
| #define HAVE_STDINT_H 1
| #define HAVE_STRINGS_H 1
| #define HAVE_SYS_STAT_H 1
| #define HAVE_SYS_TYPES_H 1
| #define HAVE_UNISTD_H 1
| #define STDC_HEADERS 1
| /* end confdefs.h.  */
| #include <ac_nonexistent.h>
configure:5217: result: gcc -E
configure:5231: gcc -E  conftest.c
configure:5231: $? = 0
configure:5246: gcc -E  conftest.c
conftest.c:21:10: fatal error: ac_nonexistent.h: No such file or directory
   21 | #include <ac_nonexistent.h>
      |          ^~~~~~~~~~~~~~~~~~
compilation terminated.
configure:5246: $? = 1
configure: failed program was:
| /* confdefs.h */
| #define PACKAGE_NAME "pcsc-lite"
| #define PACKAGE_TARNAME "pcsc-lite"
| #define PACKAGE_VERSION "2.2.0"
| #define PACKAGE_STRING "pcsc-lite 2.2.0"
| #define PACKAGE_BUGREPORT ""
| #define PACKAGE_URL ""
| #define PACKAGE "pcsc-lite"
| #define VERSION "2.2.0"
| #define HAVE_STDIO_H 1
| #define HAVE_STDLIB_H 1
| #define HAVE_STRING_H 1
| #define HAVE_INTTYPES_H 1
| #define HAVE_STDINT_H 1
| #define HAVE_STRINGS_H 1
| #define HAVE_SYS_STAT_H 1
| #define HAVE_SYS_TYPES_H 1
| #define HAVE_UNISTD_H 1
| #define STDC_HEADERS 1
| /* end confdefs.h.  */
| #include <ac_nonexistent.h>
configure:5277: checking whether ln -s works
configure:5281: result: yes
configure:5288: checking whether make sets $(MAKE)
configure:5311: result: yes
configure:5324: checking for flex
configure:5345: found /usr/bin/flex
configure:5356: result: flex
configure:5405: checking for lex output file root
configure:5418: flex conftest.l
configure:5422: $? = 0
configure:5430: result: lex.yy
configure:5445: checking for lex library
configure:5470: gcc -o conftest -g -O2   conftest.c  >&5
configure:5470: $? = 0
configure:5483: result: none needed
configure:5503: checking whether yytext is a pointer
configure:5519: gcc -c -g -O2  conftest.c >&5
configure:5519: $? = 0
configure:5526: result: yes
configure:5606: checking for pkg-config
configure:5629: found /usr/bin/pkg-config
configure:5641: result: /usr/bin/pkg-config
configure:5666: checking pkg-config is at least version 0.9.0
configure:5669: result: yes
configure:5733: checking for ar
configure:5754: found /usr/bin/ar
configure:5765: result: ar
configure:5791: checking the archiver (ar) interface
configure:5808: gcc -c -g -O2  conftest.c >&5
configure:5808: $? = 0
configure:5811: ar cru libconftest.a conftest.o >&5
ar: `u' modifier ignored since `D' is the default (see `U')
configure:5814: $? = 0
configure:5842: result: ar
configure:5864: checking for a sed that does not truncate output
configure:5934: result: /usr/bin/sed
configure:5940: checking for grep that handles long lines and -e
configure:6004: result: /usr/bin/grep
configure:6009: checking for egrep
configure:6077: result: /usr/bin/grep -E
configure:6242: checking whether gcc is Clang
configure:6269: result: no
configure:6334: checking whether pthreads work with "-pthread" and "-lpthread"
configure:6445: gcc -o conftest -g -O2 -pthread   conftest.c -lpthread  >&5
configure:6445: $? = 0
configure:6455: result: yes
configure:6578: checking for joinable pthread attribute
configure:6597: gcc -o conftest -g -O2 -pthread   conftest.c -lpthread  >&5
configure:6597: $? = 0
configure:6606: result: PTHREAD_CREATE_JOINABLE
configure:6619: checking whether more special flags are required for pthreads
configure:6633: result: no
configure:6642: checking for PTHREAD_PRIO_INHERIT
configure:6660: gcc -o conftest -g -O2 -pthread   conftest.c -lpthread  >&5
configure:6660: $? = 0
configure:6670: result: yes
configure:6858: checking for pthread_cancel
configure:6858: gcc -o conftest -g -O2 -pthread   conftest.c  >&5
configure:6858: $? = 0
configure:6858: result: yes
configure:6916: checking how to print strings
configure:6943: result: printf
configure:6964: checking for a sed that does not truncate output
configure:7034: result: /usr/bin/sed
configure:7052: checking for fgrep
configure:7120: result: /usr/bin/grep -F
configure:7156: checking for ld used by gcc
configure:7224: result: /usr/bin/ld
configure:7231: checking if the linker (/usr/bin/ld) is GNU ld
configure:7247: result: yes
configure:7259: checking for BSD- or MS-compatible name lister (nm)
configure:7314: result: /usr/bin/nm -B
configure:7454: checking the name lister (/usr/bin/nm -B) interface
configure:7462: gcc -c -g -O2  conftest.c >&5
configure:7465: /usr/bin/nm -B "conftest.o"
configure:7468: output
0000000000000000 B some_variable
configure:7475: result: BSD nm
configure:7479: checking the maximum length of command line arguments
configure:7611: result: 1572864
configure:7659: checking how to convert x86_64-pc-linux-gnu file names to x86_64-pc-linux-gnu format
configure:7700: result: func_convert_file_noop
configure:7707: checking how to convert x86_64-pc-linux-gnu file names to toolchain format
configure:7728: result: func_convert_file_noop
configure:7735: checking for /usr/bin/ld option to reload object files
configure:7743: result: -r
configure:7822: checking for file
configure:7843: found /usr/bin/file
configure:7854: result: file
configure:7930: checking for objdump
configure:7951: found /usr/bin/objdump
configure:7962: result: objdump
configure:7994: checking how to recognize dependent libraries
configure:8195: result: pass_all
configure:8285: checking for dlltool
configure:8320: result: no
configure:8350: checking how to associate runtime and link libraries
configure:8378: result: printf %s\n
configure:8528: checking for archiver @FILE support
configure:8546: gcc -c -g -O2  conftest.c >&5
configure:8546: $? = 0
configure:8550: ar cr libconftest.a @conftest.lst >&5
configure:8553: $? = 0
configure:8558: ar cr libconftest.a @conftest.lst >&5
ar: conftest.o: No such file or directory
configure:8561: $? = 1
configure:8573: result: @
configure:8636: checking for strip
configure:8657: found /usr/bin/strip
configure:8668: result: strip
configure:8745: checking for ranlib
configure:8766: found /usr/bin/ranlib
configure:8777: result: ranlib
configure:8879: checking command to parse /usr/bin/nm -B output from gcc object
configure:9033: gcc -c -g -O2  conftest.c >&5
configure:9036: $? = 0
configure:9040: /usr/bin/nm -B conftest.o | /usr/bin/sed -n -e 's/^.*[	 ]\([ABCDGIRSTW][ABCDGIRSTW]*\)[	 ][	 ]*\([_A-Za-z][_A-Za-z0-9]*\)$/\1 \2 \2/p' | /usr/bin/sed '/ __gnu_lto/d' > conftest.nm
configure:9106: gcc -o conftest -g -O2   conftest.c conftstm.o >&5
configure:9109: $? = 0
configure:9147: result: ok
configure:9194: checking for sysroot
configure:9225: result: no
configure:9232: checking for a working dd
configure:9276: result: /usr/bin/dd
configure:9280: checking how to truncate binary pipes
configure:9296: result: /usr/bin/dd bs=4096 count=1
configure:9433: gcc -c -g -O2  conftest.c >&5
configure:9436: $? = 0
configure:9633: checking for mt
configure:9654: found /usr/bin/mt
configure:9665: result: mt
configure:9688: checking if mt is a manifest tool
configure:9695: mt '-?'
configure:9703: result: no
configure:10424: checking for dlfcn.h
configure:10424: gcc -c -g -O2  conftest.c >&5
configure:10424: $? = 0
configure:10424: result: yes
configure:10682: checking for objdir
configure:10698: result: .libs
configure:10962: checking if gcc supports -fno-rtti -fno-exceptions
configure:10981: gcc -c -g -O2  -fno-rtti -fno-exceptions conftest.c >&5
cc1: warning: command-line option '-fno-rtti' is valid for C++/D/ObjC++ but not for C
configure:10985: $? = 0
configure:10998: result: no
configure:11362: checking for gcc option to produce PIC
configure:11370: result: -fPIC -DPIC
configure:11378: checking if gcc PIC flag -fPIC -DPIC works
configure:11397: gcc -c -g -O2  -fPIC -DPIC -DPIC conftest.c >&5
configure:11401: $? = 0
configure:11414: result: yes
configure:11443: checking if gcc static flag -static works
configure:11472: result: yes
configure:11487: checking if gcc supports -c -o file.o
configure:11509: gcc -c -g -O2  -o out/conftest2.o conftest.c >&5
configure:11513: $? = 0
configure:11535: result: yes
configure:11543: checking if gcc supports -c -o file.o
configure:11591: result: yes
configure:11624: checking whether the gcc linker (/usr/bin/ld -m elf_x86_64) supports shared libraries
configure:12898: result: yes
configure:12935: checking whether -lc should be explicitly linked in
configure:12944: gcc -c -g -O2  conftest.c >&5
configure:12947: $? = 0
configure:12962: gcc -shared  -fPIC -DPIC conftest.o  -v -Wl,-soname -Wl,conftest -o conftest 2\>\&1 \| /usr/bin/grep  -lc  \>/dev/null 2\>\&1
configure:12965: $? = 0
configure:12979: result: no
configure:13139: checking dynamic linker characteristics
configure:13721: gcc -o conftest -g -O2   -Wl,-rpath -Wl,/foo conftest.c  >&5
configure:13721: $? = 0
configure:13972: result: GNU/Linux ld.so
configure:14094: checking how to hardcode library paths into programs
configure:14119: result: immediate
configure:14671: checking whether stripping libraries is possible
configure:14680: result: yes
configure:14722: checking if libtool supports shared libraries
configure:14724: result: yes
configure:14727: checking whether to build shared libraries
configure:14752: result: yes
configure:14755: checking whether to build static libraries
configure:14759: result: no
configure:14801: checking for sys/wait.h that is POSIX.1 compatible
configure:14828: gcc -c -g -O2  conftest.c >&5
configure:14828: $? = 0
configure:14836: result: yes
configure:14844: checking for getopt.h
configure:14844: gcc -c -g -O2  conftest.c >&5
configure:14844: $? = 0
configure:14844: result: yes
configure:14850: checking for sys/filio.h
configure:14850: gcc -c -g -O2  conftest.c >&5
conftest.c:57:10: fatal error: sys/filio.h: No such file or directory
   57 | #include <sys/filio.h>
      |          ^~~~~~~~~~~~~
compilation terminated.
configure:14850: $? = 1
configure: failed program was:
| /* confdefs.h */
| #define PACKAGE_NAME "pcsc-lite"
| #define PACKAGE_TARNAME "pcsc-lite"
| #define PACKAGE_VERSION "2.2.0"
| #define PACKAGE_STRING "pcsc-lite 2.2.0"
| #define PACKAGE_BUGREPORT ""
| #define PACKAGE_URL ""
| #define PACKAGE "pcsc-lite"
| #define VERSION "2.2.0"
| #define HAVE_STDIO_H 1
| #define HAVE_STDLIB_H 1
| #define HAVE_STRING_H 1
| #define HAVE_INTTYPES_H 1
| #define HAVE_STDINT_H 1
| #define HAVE_STRINGS_H 1
| #define HAVE_SYS_STAT_H 1
| #define HAVE_SYS_TYPES_H 1
| #define HAVE_UNISTD_H 1
| #define STDC_HEADERS 1
| #define YYTEXT_POINTER 1
| #define HAVE_PTHREAD_PRIO_INHERIT 1
| #define HAVE_PTHREAD 1
| #define HAVE_PTHREAD_CANCEL 1
| #define HAVE_DLFCN_H 1
| #define LT_OBJDIR ".libs/"
| #define HAVE_SYS_WAIT_H 1
| #define HAVE_GETOPT_H 1
| /* end confdefs.h.  */
| #include <stddef.h>
| #ifdef HAVE_STDIO_H
| # include <stdio.h>
| #endif
| #ifdef HAVE_STDLIB_H
| # include <stdlib.h>
| #endif
| #ifdef HAVE_STRING_H
| # include <string.h>
| #endif
| #ifdef HAVE_INTTYPES_H
| # include <inttypes.h>
| #endif
| #ifdef HAVE_STDINT_H
| # include <stdint.h>
| #endif
| #ifdef HAVE_STRINGS_H
| # include <strings.h>
| #endif
| #ifdef HAVE_SYS_TYPES_H
| # include <sys/types.h>
| #endif
| #ifdef HAVE_SYS_STAT_H
| # include <sys/stat.h>
| #endif
| #ifdef HAVE_UNISTD_H
| # include <unistd.h>
| #endif
| #include <sys/filio.h>
configure:14850: result: no
configure:14856: checking for syslog.h
configure:14856: gcc -c -g -O2  conftest.c >&5
configure:14856: $? = 0
configure:14856: result: yes
configure:14862: checking for dl.h
configure:14862: gcc -c -g -O2  conftest.c >&5
conftest.c:58:10: fatal error: dl.h: No such file or directory
   58 | #include <dl.h>
      |          ^~~~~~
compilation terminated.
configure:14862: $? = 1
configure: failed program was:
| /* confdefs.h */
| #define PACKAGE_NAME "pcsc-lite"
| #define PACKAGE_TARNAME "pcsc-lite"
| #define PACKAGE_VERSION "2.2.0"
| #define PACKAGE_STRING "pcsc-lite 2.2.0"
| #define PACKAGE_BUGREPORT ""
| #define PACKAGE_URL ""
| #define PACKAGE "pcsc-lite"
| #define VERSION "2.2.0"
| #define HAVE_STDIO_H 1
| #define HAVE_STDLIB_H 1
| #define HAVE_STRING_H 1
| #define HAVE_INTTYPES_H 1
| #define HAVE_STDINT_H 1
| #define HAVE_STRINGS_H 1
| #define HAVE_SYS_STAT_H 1
| #define HAVE_SYS_TYPES_H 1
| #define HAVE_UNISTD_H 1
| #define STDC_HEADERS 1
| #define YYTEXT_POINTER 1
| #define HAVE_PTHREAD_PRIO_INHERIT 1
| #define HAVE_PTHREAD 1
| #define HAVE_PTHREAD_CANCEL 1
| #define HAVE_DLFCN_H 1
| #define LT_OBJDIR ".libs/"
| #define HAVE_SYS_WAIT_H 1
| #define HAVE_GETOPT_H 1
| #define HAVE_SYSLOG_H 1
| /* end confdefs.h.  */
| #include <stddef.h>
| #ifdef HAVE_STDIO_H
| # include <stdio.h>
| #endif
| #ifdef HAVE_STDLIB_H
| # include <stdlib.h>
| #endif
| #ifdef HAVE_STRING_H
| # include <string.h>
| #endif
| #ifdef HAVE_INTTYPES_H
| # include <inttypes.h>
| #endif
| #ifdef HAVE_STDINT_H
| # include <stdint.h>
| #endif
| #ifdef HAVE_STRINGS_H
| # include <strings.h>
| #endif
| #ifdef HAVE_SYS_TYPES_H
| # include <sys/types.h>
| #endif
| #ifdef HAVE_SYS_STAT_H
| # include <sys/stat.h>
| #endif
| #ifdef HAVE_UNISTD_H
| # include <unistd.h>
| #endif
| #include <dl.h>
configure:14862: result: no
configure:14868: checking for fcntl.h
configure:14868: gcc -c -g -O2  conftest.c >&5
configure:14868: $? = 0
configure:14868: result: yes
configure:14874: checking for alloca.h
configure:14874: gcc -c -g -O2  conftest.c >&5
configure:14874: $? = 0
configure:14874: result: yes
configure:14883: checking for an ANSI C-conforming const
configure:14950: gcc -c -g -O2  conftest.c >&5
configure:14950: $? = 0
configure:14958: result: yes
configure:14966: checking for uid_t in sys/types.h
configure:14987: result: yes
configure:14998: checking for size_t
configure:14998: gcc -c -g -O2  conftest.c >&5
configure:14998: $? = 0
configure:14998: gcc -c -g -O2  conftest.c >&5
conftest.c: In function 'main':
conftest.c:63:21: error: expected expression before ')' token
   63 | if (sizeof ((size_t)))
      |                     ^
configure:14998: $? = 1
configure: failed program was:
| /* confdefs.h */
| #define PACKAGE_NAME "pcsc-lite"
| #define PACKAGE_TARNAME "pcsc-lite"
| #define PACKAGE_VERSION "2.2.0"
| #define PACKAGE_STRING "pcsc-lite 2.2.0"
| #define PACKAGE_BUGREPORT ""
| #define PACKAGE_URL ""
| #define PACKAGE "pcsc-lite"
| #define VERSION "2.2.0"
| #define HAVE_STDIO_H 1
| #define HAVE_STDLIB_H 1
| #define HAVE_STRING_H 1
| #define HAVE_INTTYPES_H 1
| #define HAVE_STDINT_H 1
| #define HAVE_STRINGS_H 1
| #define HAVE_SYS_STAT_H 1
| #define HAVE_SYS_TYPES_H 1
| #define HAVE_UNISTD_H 1
| #define STDC_HEADERS 1
| #define YYTEXT_POINTER 1
| #define HAVE_PTHREAD_PRIO_INHERIT 1
| #define HAVE_PTHREAD 1
| #define HAVE_PTHREAD_CANCEL 1
| #define HAVE_DLFCN_H 1
| #define LT_OBJDIR ".libs/"
| #define HAVE_SYS_WAIT_H 1
| #define HAVE_GETOPT_H 1
| #define HAVE_SYSLOG_H 1
| #define HAVE_FCNTL_H 1
| #define HAVE_ALLOCA_H 1
| /* end confdefs.h.  */
| #include <stddef.h>
| #ifdef HAVE_STDIO_H
| # include <stdio.h>
| #endif
| #ifdef HAVE_STDLIB_H
| # include <stdlib.h>
| #endif
| #ifdef HAVE_STRING_H
| # include <string.h>
| #endif
| #ifdef HAVE_INTTYPES_H
| # include <inttypes.h>
| #endif
| #ifdef HAVE_STDINT_H
| # include <stdint.h>
| #endif
| #ifdef HAVE_STRINGS_H
| # include <strings.h>
| #endif
| #ifdef HAVE_SYS_TYPES_H
| # include <sys/types.h>
| #endif
| #ifdef HAVE_SYS_STAT_H
| # include <sys/stat.h>
| #endif
| #ifdef HAVE_UNISTD_H
| # include <unistd.h>
| #endif
| int
| main (void)
| {
| if (sizeof ((size_t)))
| 	    return 0;
|   ;
|   return 0;
| }
configure:14998: result: yes
configure:15011: checking for dirent.h that defines DIR
configure:15031: gcc -c -g -O2  conftest.c >&5
configure:15031: $? = 0
configure:15040: result: yes
configure:15054: checking for library containing opendir
configure:15084: gcc -o conftest -g -O2   conftest.c  >&5
configure:15084: $? = 0
configure:15104: result: none required
configure:15177: checking for struct dirent.d_type
configure:15177: gcc -c -g -O2  conftest.c >&5
configure:15177: $? = 0
configure:15177: result: yes
configure:15206: checking for error_at_line
configure:15223: gcc -o conftest -g -O2   conftest.c  >&5
configure:15223: $? = 0
configure:15232: result: yes
configure:15243: checking whether lstat correctly handles trailing slash
configure:15276: gcc -o conftest -g -O2   conftest.c  >&5
configure:15276: $? = 0
configure:15276: ./conftest
configure:15276: $? = 0
configure:15294: result: yes
configure:15311: checking whether stat accepts an empty string
configure:15333: gcc -o conftest -g -O2   conftest.c  >&5
configure:15333: $? = 0
configure:15333: ./conftest
configure:15333: $? = 0
configure:15344: result: no
configure:15362: checking for vprintf
configure:15362: gcc -o conftest -g -O2   conftest.c  >&5
conftest.c:51:6: warning: conflicting types for built-in function 'vprintf'; expected 'int(const char *, __va_list_tag *)' [-Wbuiltin-declaration-mismatch]
   51 | char vprintf ();
      |      ^~~~~~~
conftest.c:43:1: note: 'vprintf' is declared in header '<stdio.h>'
   42 | #include <limits.h>
   43 | #undef vprintf
configure:15362: $? = 0
configure:15362: result: yes
configure:15383: checking for getopt_long
configure:15383: gcc -o conftest -g -O2   conftest.c  >&5
configure:15383: $? = 0
configure:15383: result: yes
configure:15389: checking for nanosleep
configure:15389: gcc -o conftest -g -O2   conftest.c  >&5
configure:15389: $? = 0
configure:15389: result: yes
configure:15395: checking for strerror
configure:15395: gcc -o conftest -g -O2   conftest.c  >&5
configure:15395: $? = 0
configure:15395: result: yes
configure:15401: checking for vsnprintf
configure:15401: gcc -o conftest -g -O2   conftest.c  >&5
conftest.c:55:6: warning: conflicting types for built-in function 'vsnprintf'; expected 'int(char *, long unsigned int,  const char *, __va_list_tag *)' [-Wbuiltin-declaration-mismatch]
   55 | char vsnprintf ();
      |      ^~~~~~~~~
conftest.c:47:1: note: 'vsnprintf' is declared in header '<stdio.h>'
   46 | #include <limits.h>
   47 | #undef vsnprintf
configure:15401: $? = 0
configure:15401: result: yes
configure:15407: checking for getrandom
configure:15407: gcc -o conftest -g -O2   conftest.c  >&5
configure:15407: $? = 0
configure:15407: result: yes
configure:15414: checking for secure_getenv
configure:15414: gcc -o conftest -g -O2   conftest.c  >&5
configure:15414: $? = 0
configure:15414: result: yes
configure:15420: checking for issetugid
configure:15420: gcc -o conftest -g -O2   conftest.c  >&5
/usr/bin/ld: /tmp/cca2spwW.o: in function `main':
/home/porkboi/Downloads/pcsc-lite-2.3.3/conftest.c:69:(.text.startup+0xb): undefined reference to `issetugid'
collect2: error: ld returned 1 exit status
configure:15420: $? = 1
configure: failed program was:
| /* confdefs.h */
| #define PACKAGE_NAME "pcsc-lite"
| #define PACKAGE_TARNAME "pcsc-lite"
| #define PACKAGE_VERSION "2.2.0"
| #define PACKAGE_STRING "pcsc-lite 2.2.0"
| #define PACKAGE_BUGREPORT ""
| #define PACKAGE_URL ""
| #define PACKAGE "pcsc-lite"
| #define VERSION "2.2.0"
| #define HAVE_STDIO_H 1
| #define HAVE_STDLIB_H 1
| #define HAVE_STRING_H 1
| #define HAVE_INTTYPES_H 1
| #define HAVE_STDINT_H 1
| #define HAVE_STRINGS_H 1
| #define HAVE_SYS_STAT_H 1
| #define HAVE_SYS_TYPES_H 1
| #define HAVE_UNISTD_H 1
| #define STDC_HEADERS 1
| #define YYTEXT_POINTER 1
| #define HAVE_PTHREAD_PRIO_INHERIT 1
| #define HAVE_PTHREAD 1
| #define HAVE_PTHREAD_CANCEL 1
| #define HAVE_DLFCN_H 1
| #define LT_OBJDIR ".libs/"
| #define HAVE_SYS_WAIT_H 1
| #define HAVE_GETOPT_H 1
| #define HAVE_SYSLOG_H 1
| #define HAVE_FCNTL_H 1
| #define HAVE_ALLOCA_H 1
| #define HAVE_DIRENT_H 1
| #define HAVE_STRUCT_DIRENT_D_TYPE 1
| #define LSTAT_FOLLOWS_SLASHED_SYMLINK 1
| #define HAVE_VPRINTF 1
| #define HAVE_GETOPT_LONG 1
| #define HAVE_NANOSLEEP 1
| #define HAVE_STRERROR 1
| #define HAVE_VSNPRINTF 1
| #define HAVE_GETRANDOM 1
| #define HAVE_SECURE_GETENV 1
| /* end confdefs.h.  */
| /* Define issetugid to an innocuous variant, in case <limits.h> declares issetugid.
|    For example, HP-UX 11i <limits.h> declares gettimeofday.  */
| #define issetugid innocuous_issetugid
| 
| /* System header to define __stub macros and hopefully few prototypes,
|    which can conflict with char issetugid (); below.  */
| 
| #include <limits.h>
| #undef issetugid
| 
| /* Override any GCC internal prototype to avoid an error.
|    Use char because int might match the return type of a GCC
|    builtin and then its argument prototype would still apply.  */
| #ifdef __cplusplus
| extern "C"
| #endif
| char issetugid ();
| /* The GNU C library defines this for functions which it implements
|     to always fail with ENOSYS.  Some functions are actually named
|     something starting with __ and the normal name is an alias.  */
| #if defined __stub_issetugid || defined __stub___issetugid
| choke me
| #endif
| 
| int
| main (void)
| {
| return issetugid ();
|   ;
|   return 0;
| }
configure:15420: result: no
configure:15429: checking for working alloca.h
configure:15447: gcc -o conftest -g -O2   conftest.c  >&5
configure:15447: $? = 0
configure:15456: result: yes
configure:15464: checking for alloca
configure:15509: result: yes
configure:15578: checking for inline
configure:15595: gcc -c -g -O2  conftest.c >&5
configure:15595: $? = 0
configure:15604: result: inline
configure:15630: checking for -fvisibility=hidden
configure:15636: gcc -c -Wall -fno-common -g -O2 -fvisibility=hidden  conftest.c >&5
configure:15636: $? = 0
configure:15638: result: yes
configure:15649: checking for library containing dlopen
configure:15679: gcc -o conftest -Wall -fno-common -g -O2   conftest.c  >&5
configure:15679: $? = 0
configure:15699: result: none required
configure:15747: checking for socket in -lsocket
configure:15770: gcc -o conftest -Wall -fno-common -g -O2   conftest.c -lsocket   >&5
/usr/bin/ld: cannot find -lsocket: No such file or directory
collect2: error: ld returned 1 exit status
configure:15770: $? = 1
configure: failed program was:
| /* confdefs.h */
| #define PACKAGE_NAME "pcsc-lite"
| #define PACKAGE_TARNAME "pcsc-lite"
| #define PACKAGE_VERSION "2.2.0"
| #define PACKAGE_STRING "pcsc-lite 2.2.0"
| #define PACKAGE_BUGREPORT ""
| #define PACKAGE_URL ""
| #define PACKAGE "pcsc-lite"
| #define VERSION "2.2.0"
| #define HAVE_STDIO_H 1
| #define HAVE_STDLIB_H 1
| #define HAVE_STRING_H 1
| #define HAVE_INTTYPES_H 1
| #define HAVE_STDINT_H 1
| #define HAVE_STRINGS_H 1
| #define HAVE_SYS_STAT_H 1
| #define HAVE_SYS_TYPES_H 1
| #define HAVE_UNISTD_H 1
| #define STDC_HEADERS 1
| #define YYTEXT_POINTER 1
| #define HAVE_PTHREAD_PRIO_INHERIT 1
| #define HAVE_PTHREAD 1
| #define HAVE_PTHREAD_CANCEL 1
| #define HAVE_DLFCN_H 1
| #define LT_OBJDIR ".libs/"
| #define HAVE_SYS_WAIT_H 1
| #define HAVE_GETOPT_H 1
| #define HAVE_SYSLOG_H 1
| #define HAVE_FCNTL_H 1
| #define HAVE_ALLOCA_H 1
| #define HAVE_DIRENT_H 1
| #define HAVE_STRUCT_DIRENT_D_TYPE 1
| #define LSTAT_FOLLOWS_SLASHED_SYMLINK 1
| #define HAVE_VPRINTF 1
| #define HAVE_GETOPT_LONG 1
| #define HAVE_NANOSLEEP 1
| #define HAVE_STRERROR 1
| #define HAVE_VSNPRINTF 1
| #define HAVE_GETRANDOM 1
| #define HAVE_SECURE_GETENV 1
| #define HAVE_ALLOCA_H 1
| #define HAVE_ALLOCA 1
| #define PCSC_ARCH "Linux"
| /* end confdefs.h.  */
| 
| /* Override any GCC internal prototype to avoid an error.
|    Use char because int might match the return type of a GCC
|    builtin and then its argument prototype would still apply.  */
| char socket ();
| int
| main (void)
| {
| return socket ();
|   ;
|   return 0;
| }
configure:15780: result: no
configure:15789: checking for mq_getattr in -lrt
configure:15812: gcc -o conftest -Wall -fno-common -g -O2   conftest.c -lrt   >&5
configure:15812: $? = 0
configure:15822: result: yes
configure:15843: checking for libsystemd
configure:15850: $PKG_CONFIG --exists --print-errors "libsystemd"
configure:15853: $? = 0
configure:15867: $PKG_CONFIG --exists --print-errors "libsystemd"
configure:15870: $? = 0
configure:15908: result: yes
configure:15995: checking for libudev
configure:16002: $PKG_CONFIG --exists --print-errors "libudev"
configure:16005: $? = 0
configure:16019: $PKG_CONFIG --exists --print-errors "libudev"
configure:16022: $? = 0
configure:16060: result: yes
configure:16073: checking for libudev.h
configure:16073: gcc -c -Wall -fno-common -g -O2   conftest.c >&5
configure:16073: $? = 0
configure:16073: result: yes
configure:16086: checking for udev_monitor_unref
configure:16103: gcc -o conftest -Wall -fno-common -g -O2    conftest.c  -ludev    >&5
configure:16103: $? = 0
configure:16105: result: yes
configure:16421: checking for polkit-gobject-1 >= 0.111
configure:16428: $PKG_CONFIG --exists --print-errors "polkit-gobject-1 >= $POLKIT_MINIMUM"
configure:16431: $? = 0
configure:16445: $PKG_CONFIG --exists --print-errors "polkit-gobject-1 >= $POLKIT_MINIMUM"
configure:16448: $? = 0
configure:16486: result: yes
configure:16858: checking that generated files are newer than configure
configure:16864: result: done
configure:16912: creating ./config.status

## ---------------------- ##
## Running config.status. ##
## ---------------------- ##

This file was extended by pcsc-lite config.status 2.2.0, which was
generated by GNU Autoconf 2.71.  Invocation command line was

  CONFIG_FILES    = 
  CONFIG_HEADERS  = 
  CONFIG_LINKS    = 
  CONFIG_COMMANDS = 
  $ ./config.status 

on porkboi-VMware-Virtual-Platform

config.status:1174: creating Makefile
config.status:1174: creating doc/Makefile
config.status:1174: creating doc/doxygen.conf
config.status:1174: creating doc/pcscd.8
config.status:1174: creating doc/reader.conf.5
config.status:1174: creating doc/example/Makefile
config.status:1174: creating etc/Makefile
config.status:1174: creating src/Makefile
config.status:1174: creating src/libpcsclite.pc
config.status:1174: creating src/pcscd.h
config.status:1174: creating src/PCSC/pcsclite.h
config.status:1174: creating src/spy/Makefile
config.status:1174: creating config.h
config.status:1355: config.h is unchanged
config.status:1403: executing depfiles commands
config.status:1480: cd doc/example       && sed -e '/# am--include-marker/d' Makefile         | make -f - am--depfiles
make: Nothing to be done for 'am--depfiles'.
config.status:1485: $? = 0
config.status:1480: cd src       && sed -e '/# am--include-marker/d' Makefile         | make -f - am--depfiles
make: Nothing to be done for 'am--depfiles'.
config.status:1485: $? = 0
config.status:1480: cd src/spy       && sed -e '/# am--include-marker/d' Makefile         | make -f - am--depfiles
make: Nothing to be done for 'am--depfiles'.
config.status:1485: $? = 0
config.status:1403: executing libtool commands

## ---------------- ##
## Cache variables. ##
## ---------------- ##

ac_cv_build=x86_64-pc-linux-gnu
ac_cv_c_bigendian=no
ac_cv_c_compiler_gnu=yes
ac_cv_c_const=yes
ac_cv_c_inline=inline
ac_cv_env_CC_set=
ac_cv_env_CC_value=
ac_cv_env_CFLAGS_set=
ac_cv_env_CFLAGS_value=
ac_cv_env_CPPFLAGS_set=
ac_cv_env_CPPFLAGS_value=
ac_cv_env_CPP_set=
ac_cv_env_CPP_value=
ac_cv_env_LDFLAGS_set=
ac_cv_env_LDFLAGS_value=
ac_cv_env_LIBSYSTEMD_CFLAGS_set=
ac_cv_env_LIBSYSTEMD_CFLAGS_value=
ac_cv_env_LIBSYSTEMD_LIBS_set=
ac_cv_env_LIBSYSTEMD_LIBS_value=
ac_cv_env_LIBS_set=
ac_cv_env_LIBS_value=
ac_cv_env_LIBUDEV_CFLAGS_set=
ac_cv_env_LIBUDEV_CFLAGS_value=
ac_cv_env_LIBUDEV_LIBS_set=
ac_cv_env_LIBUDEV_LIBS_value=
ac_cv_env_LIBUSB_CFLAGS_set=
ac_cv_env_LIBUSB_CFLAGS_value=
ac_cv_env_LIBUSB_LIBS_set=
ac_cv_env_LIBUSB_LIBS_value=
ac_cv_env_LT_SYS_LIBRARY_PATH_set=
ac_cv_env_LT_SYS_LIBRARY_PATH_value=
ac_cv_env_PKG_CONFIG_LIBDIR_set=
ac_cv_env_PKG_CONFIG_LIBDIR_value=
ac_cv_env_PKG_CONFIG_PATH_set=
ac_cv_env_PKG_CONFIG_PATH_value=
ac_cv_env_PKG_CONFIG_set=
ac_cv_env_PKG_CONFIG_value=
ac_cv_env_POLKIT_CFLAGS_set=
ac_cv_env_POLKIT_CFLAGS_value=
ac_cv_env_POLKIT_LIBS_set=
ac_cv_env_POLKIT_LIBS_value=
ac_cv_env_build_alias_set=
ac_cv_env_build_alias_value=
ac_cv_env_host_alias_set=
ac_cv_env_host_alias_value=
ac_cv_env_target_alias_set=
ac_cv_env_target_alias_value=
ac_cv_func_alloca_works=yes
ac_cv_func_getopt_long=yes
ac_cv_func_getrandom=yes
ac_cv_func_issetugid=no
ac_cv_func_lstat_dereferences_slashed_symlink=yes
ac_cv_func_nanosleep=yes
ac_cv_func_pthread_cancel=yes
ac_cv_func_secure_getenv=yes
ac_cv_func_stat_empty_string_bug=no
ac_cv_func_strerror=yes
ac_cv_func_vprintf=yes
ac_cv_func_vsnprintf=yes
ac_cv_header_alloca_h=yes
ac_cv_header_dirent_dirent_h=yes
ac_cv_header_dl_h=no
ac_cv_header_dlfcn_h=yes
ac_cv_header_fcntl_h=yes
ac_cv_header_getopt_h=yes
ac_cv_header_inttypes_h=yes
ac_cv_header_libudev_h=yes
ac_cv_header_stdint_h=yes
ac_cv_header_stdio_h=yes
ac_cv_header_stdlib_h=yes
ac_cv_header_string_h=yes
ac_cv_header_strings_h=yes
ac_cv_header_sys_filio_h=no
ac_cv_header_sys_stat_h=yes
ac_cv_header_sys_types_h=yes
ac_cv_header_sys_wait_h=yes
ac_cv_header_syslog_h=yes
ac_cv_header_unistd_h=yes
ac_cv_host=x86_64-pc-linux-gnu
ac_cv_lib_error_at_line=yes
ac_cv_lib_lex='none needed'
ac_cv_lib_rt_mq_getattr=yes
ac_cv_lib_socket_socket=no
ac_cv_member_struct_dirent_d_type=yes
ac_cv_objext=o
ac_cv_path_EGREP='/usr/bin/grep -E'
ac_cv_path_FGREP='/usr/bin/grep -F'
ac_cv_path_GREP=/usr/bin/grep
ac_cv_path_SED=/usr/bin/sed
ac_cv_path_ac_pt_PKG_CONFIG=/usr/bin/pkg-config
ac_cv_path_install='/usr/bin/install -c'
ac_cv_path_lt_DD=/usr/bin/dd
ac_cv_path_mkdir=/usr/bin/mkdir
ac_cv_prog_AWK=mawk
ac_cv_prog_CPP='gcc -E'
ac_cv_prog_LEX=flex
ac_cv_prog_ac_ct_AR=ar
ac_cv_prog_ac_ct_CC=gcc
ac_cv_prog_ac_ct_FILECMD=file
ac_cv_prog_ac_ct_MANIFEST_TOOL=mt
ac_cv_prog_ac_ct_OBJDUMP=objdump
ac_cv_prog_ac_ct_RANLIB=ranlib
ac_cv_prog_ac_ct_STRIP=strip
ac_cv_prog_cc_c11=
ac_cv_prog_cc_g=yes
ac_cv_prog_cc_stdc=
ac_cv_prog_lex_root=lex.yy
ac_cv_prog_lex_yytext_pointer=yes
ac_cv_prog_make_make_set=yes
ac_cv_search_dlopen='none required'
ac_cv_search_opendir='none required'
ac_cv_type_size_t=yes
ac_cv_type_uid_t=yes
ac_cv_working_alloca_h=yes
am_cv_CC_dependencies_compiler_type=gcc3
am_cv_ar_interface=ar
am_cv_make_support_nested_variables=yes
am_cv_prog_cc_c_o=yes
ax_cv_PTHREAD_CLANG=no
ax_cv_PTHREAD_JOINABLE_ATTR=PTHREAD_CREATE_JOINABLE
ax_cv_PTHREAD_PRIO_INHERIT=yes
ax_cv_PTHREAD_SPECIAL_FLAGS=no
lt_cv_ar_at_file=@
lt_cv_archive_cmds_need_lc=no
lt_cv_deplibs_check_method=pass_all
lt_cv_file_magic_cmd='$MAGIC_CMD'
lt_cv_file_magic_test_file=
lt_cv_ld_reload_flag=-r
lt_cv_nm_interface='BSD nm'
lt_cv_objdir=.libs
lt_cv_path_LD=/usr/bin/ld
lt_cv_path_NM='/usr/bin/nm -B'
lt_cv_path_mainfest_tool=no
lt_cv_prog_compiler_c_o=yes
lt_cv_prog_compiler_pic='-fPIC -DPIC'
lt_cv_prog_compiler_pic_works=yes
lt_cv_prog_compiler_rtti_exceptions=no
lt_cv_prog_compiler_static_works=yes
lt_cv_prog_gnu_ld=yes
lt_cv_sharedlib_from_linklib_cmd='printf %s\n'
lt_cv_shlibpath_overrides_runpath=yes
lt_cv_sys_global_symbol_pipe='/usr/bin/sed -n -e '\''s/^.*[	 ]\([ABCDGIRSTW][ABCDGIRSTW]*\)[	 ][	 ]*\([_A-Za-z][_A-Za-z0-9]*\)$/\1 \2 \2/p'\'' | /usr/bin/sed '\''/ __gnu_lto/d'\'''
lt_cv_sys_global_symbol_to_c_name_address='/usr/bin/sed -n -e '\''s/^: \(.*\) .*$/  {"\1", (void *) 0},/p'\'' -e '\''s/^[ABCDGIRSTW][ABCDGIRSTW]* .* \(.*\)$/  {"\1", (void *) \&\1},/p'\'''
lt_cv_sys_global_symbol_to_c_name_address_lib_prefix='/usr/bin/sed -n -e '\''s/^: \(.*\) .*$/  {"\1", (void *) 0},/p'\'' -e '\''s/^[ABCDGIRSTW][ABCDGIRSTW]* .* \(lib.*\)$/  {"\1", (void *) \&\1},/p'\'' -e '\''s/^[ABCDGIRSTW][ABCDGIRSTW]* .* \(.*\)$/  {"lib\1", (void *) \&\1},/p'\'''
lt_cv_sys_global_symbol_to_cdecl='/usr/bin/sed -n -e '\''s/^T .* \(.*\)$/extern int \1();/p'\'' -e '\''s/^[ABCDGIRSTW][ABCDGIRSTW]* .* \(.*\)$/extern char \1;/p'\'''
lt_cv_sys_global_symbol_to_import=
lt_cv_sys_max_cmd_len=1572864
lt_cv_to_host_file_cmd=func_convert_file_noop
lt_cv_to_tool_file_cmd=func_convert_file_noop
lt_cv_truncate_bin='/usr/bin/dd bs=4096 count=1'
pkg_cv_LIBSYSTEMD_CFLAGS=
pkg_cv_LIBSYSTEMD_LIBS='-lsystemd '
pkg_cv_LIBUDEV_CFLAGS=
pkg_cv_LIBUDEV_LIBS='-ludev '
pkg_cv_POLKIT_CFLAGS='-I/usr/include/polkit-1 -I/usr/include/glib-2.0 -I/usr/lib/x86_64-linux-gnu/glib-2.0/include -I/usr/include/libmount -I/usr/include/blkid -I/usr/include/gio-unix-2.0 -pthread '
pkg_cv_POLKIT_LIBS='-lpolkit-gobject-1 -lgio-2.0 -lgobject-2.0 -lglib-2.0 '

## ----------------- ##
## Output variables. ##
## ----------------- ##

ACLOCAL='${SHELL} '\''/home/porkboi/Downloads/pcsc-lite-2.3.3/missing'\'' aclocal-1.16'
ALLOCA=''
AMDEPBACKSLASH='\'
AMDEP_FALSE='#'
AMDEP_TRUE=''
AMTAR='$${TAR-tar}'
AM_BACKSLASH='\'
AM_DEFAULT_V='$(AM_DEFAULT_VERBOSITY)'
AM_DEFAULT_VERBOSITY='0'
AM_V='$(V)'
AR='ar'
AUTOCONF='${SHELL} '\''/home/porkboi/Downloads/pcsc-lite-2.3.3/missing'\'' autoconf'
AUTOHEADER='${SHELL} '\''/home/porkboi/Downloads/pcsc-lite-2.3.3/missing'\'' autoheader'
AUTOMAKE='${SHELL} '\''/home/porkboi/Downloads/pcsc-lite-2.3.3/missing'\'' automake-1.16'
AWK='mawk'
CC='gcc'
CCDEPMODE='depmode=gcc3'
CFLAGS='-Wall -fno-common -g -O2'
COREFOUNDATION=''
CPP='gcc -E'
CPPFLAGS='-I${top_srcdir}/src '
CSCOPE='cscope'
CTAGS='ctags'
CYGPATH_W='echo'
DEFS='-DHAVE_CONFIG_H'
DEPDIR='.deps'
DLLTOOL='false'
DSYMUTIL=''
DUMPBIN=''
ECHO_C=''
ECHO_N='-n'
ECHO_T=''
EGREP='/usr/bin/grep -E'
ENABLE_DOC_FALSE='#'
ENABLE_DOC_TRUE=''
ENABLE_POLKIT_FALSE='#'
ENABLE_POLKIT_TRUE=''
ENABLE_SERIAL_FALSE='#'
ENABLE_SERIAL_TRUE=''
ENABLE_USB_FALSE='#'
ENABLE_USB_TRUE=''
ETAGS='etags'
EXEEXT=''
FGREP='/usr/bin/grep -F'
FILECMD='file'
GREP='/usr/bin/grep'
HAVE_SYSTEMD_FALSE='#'
HAVE_SYSTEMD_TRUE=''
INSTALL_DATA='${INSTALL} -m 644'
INSTALL_PROGRAM='${INSTALL}'
INSTALL_SCRIPT='${INSTALL}'
INSTALL_STRIP_PROGRAM='$(install_sh) -c -s'
IOKIT=''
LD='/usr/bin/ld -m elf_x86_64'
LDFLAGS=''
LEX='flex'
LEXLIB=''
LEX_OUTPUT_ROOT='lex.yy'
LIBOBJS=''
LIBS=' -lrt'
LIBSYSTEMD_CFLAGS=''
LIBSYSTEMD_LIBS='-lsystemd '
LIBTOOL='$(SHELL) $(top_builddir)/libtool'
LIBUDEV_CFLAGS=''
LIBUDEV_LIBS='-ludev '
LIBUSBCONFIG=''
LIBUSB_CFLAGS=''
LIBUSB_LIBS=''
LIPO=''
LN_S='ln -s'
LTLIBOBJS=''
LT_SYS_LIBRARY_PATH=''
MAINT='#'
MAINTAINER_MODE_FALSE=''
MAINTAINER_MODE_TRUE='#'
MAKEINFO='${SHELL} '\''/home/porkboi/Downloads/pcsc-lite-2.3.3/missing'\'' makeinfo'
MANIFEST_TOOL=':'
MISSINGLEX=''
MKDIR_P='/usr/bin/mkdir -p'
NM='/usr/bin/nm -B'
NMEDIT=''
OBJDUMP='objdump'
OBJEXT='o'
OTOOL64=''
OTOOL=''
PACKAGE='pcsc-lite'
PACKAGE_BUGREPORT=''
PACKAGE_NAME='pcsc-lite'
PACKAGE_STRING='pcsc-lite 2.2.0'
PACKAGE_TARNAME='pcsc-lite'
PACKAGE_URL=''
PACKAGE_VERSION='2.2.0'
PATH_SEPARATOR=':'
PCSCLITE_CONFIG_DIR='/usr/local/etc/reader.conf.d'
PKG_CONFIG='/usr/bin/pkg-config'
PKG_CONFIG_LIBDIR=''
PKG_CONFIG_PATH=''
POLICY_DIR='/usr/share/polkit-1/actions'
POLKIT_CFLAGS='-I/usr/include/polkit-1 -I/usr/include/glib-2.0 -I/usr/lib/x86_64-linux-gnu/glib-2.0/include -I/usr/include/libmount -I/usr/include/blkid -I/usr/include/gio-unix-2.0 -pthread '
POLKIT_LIBS='-lpolkit-gobject-1 -lgio-2.0 -lgobject-2.0 -lglib-2.0 '
PTHREAD_CC='gcc'
PTHREAD_CFLAGS='-pthread'
PTHREAD_CXX=''
PTHREAD_LIBS='-lpthread'
RANLIB='ranlib'
SED='/usr/bin/sed'
SET_MAKE=''
SHELL='/bin/bash'
STRIP='strip'
SYMBOL_VISIBILITY='-fvisibility=hidden'
VERSION='2.2.0'
ac_ct_AR='ar'
ac_ct_CC='gcc'
ac_ct_DUMPBIN=''
am__EXEEXT_FALSE=''
am__EXEEXT_TRUE='#'
am__fastdepCC_FALSE='#'
am__fastdepCC_TRUE=''
am__include='include'
am__isrc=''
am__leading_dot='.'
am__nodep='_no'
am__quote=''
am__tar='$${TAR-tar} chof - "$$tardir"'
am__untar='$${TAR-tar} xf -'
ax_pthread_config=''
bindir='${exec_prefix}/bin'
build='x86_64-pc-linux-gnu'
build_alias=''
build_cpu='x86_64'
build_os='linux-gnu'
build_vendor='pc'
datadir='${datarootdir}'
datarootdir='${prefix}/share'
docdir='${datarootdir}/doc/${PACKAGE_TARNAME}'
dvidir='${docdir}'
exec_prefix='${prefix}'
host='x86_64-pc-linux-gnu'
host_alias=''
host_cpu='x86_64'
host_os='linux-gnu'
host_to_ccid_16=''
host_to_ccid_32=''
host_vendor='pc'
htmldir='${docdir}'
includedir='${prefix}/include'
infodir='${datarootdir}/info'
install_sh='${SHELL} /home/porkboi/Downloads/pcsc-lite-2.3.3/install-sh'
ipcdir='/run/pcscd'
libdir='${exec_prefix}/lib'
libexecdir='${exec_prefix}/libexec'
localedir='${datarootdir}/locale'
localstatedir='${prefix}/var'
mandir='${datarootdir}/man'
mkdir_p='$(MKDIR_P)'
oldincludedir='/usr/include'
pdfdir='${docdir}'
prefix='/usr/local'
program_transform_name='s,x,x,'
psdir='${docdir}'
runstatedir='${localstatedir}/run'
sbindir='${exec_prefix}/sbin'
sbindir_exp='/usr/local/sbin'
serialconfdir=''
sharedstatedir='${prefix}/com'
sysconfdir='${prefix}/etc'
systemdsystemunitdir='/usr/lib/systemd/system'
target_alias=''
usbdropdir='/usr/lib/pcsc/drivers'

## ----------- ##
## confdefs.h. ##
## ----------- ##

/* confdefs.h */
#define PACKAGE_NAME "pcsc-lite"
#define PACKAGE_TARNAME "pcsc-lite"
#define PACKAGE_VERSION "2.2.0"
#define PACKAGE_STRING "pcsc-lite 2.2.0"
#define PACKAGE_BUGREPORT ""
#define PACKAGE_URL ""
#define PACKAGE "pcsc-lite"
#define VERSION "2.2.0"
#define HAVE_STDIO_H 1
#define HAVE_STDLIB_H 1
#define HAVE_STRING_H 1
#define HAVE_INTTYPES_H 1
#define HAVE_STDINT_H 1
#define HAVE_STRINGS_H 1
#define HAVE_SYS_STAT_H 1
#define HAVE_SYS_TYPES_H 1
#define HAVE_UNISTD_H 1
#define STDC_HEADERS 1
#define YYTEXT_POINTER 1
#define HAVE_PTHREAD_PRIO_INHERIT 1
#define HAVE_PTHREAD 1
#define HAVE_PTHREAD_CANCEL 1
#define HAVE_DLFCN_H 1
#define LT_OBJDIR ".libs/"
#define HAVE_SYS_WAIT_H 1
#define HAVE_GETOPT_H 1
#define HAVE_SYSLOG_H 1
#define HAVE_FCNTL_H 1
#define HAVE_ALLOCA_H 1
#define HAVE_DIRENT_H 1
#define HAVE_STRUCT_DIRENT_D_TYPE 1
#define LSTAT_FOLLOWS_SLASHED_SYMLINK 1
#define HAVE_VPRINTF 1
#define HAVE_GETOPT_LONG 1
#define HAVE_NANOSLEEP 1
#define HAVE_STRERROR 1
#define HAVE_VSNPRINTF 1
#define HAVE_GETRANDOM 1
#define HAVE_SECURE_GETENV 1
#define HAVE_ALLOCA_H 1
#define HAVE_ALLOCA 1
#define PCSC_ARCH "Linux"
#define USE_LIBSYSTEMD 1
#define USE_SERIAL 1
#define USE_USB 1
#define HAVE_LIBUDEV_H 1
#define HAVE_LIBUDEV 1
#define HAVE_POLKIT 1
#define PCSCLITE_HP_DROPDIR "/usr/lib/pcsc/drivers"
#define FILTER_NAMES 1
#define PCSCLITE_FEATURES " Linux x86_64-pc-linux-gnu libsystemd serial usb libudev polkit usbdropdir=/usr/lib/pcsc/drivers ipcdir=/run/pcscd filter configdir=/usr/local/etc/reader.conf.d"

configure: exit 0
